d:\универ\программирование\2.1\лаб.2\lab2\x64\debug\vc143.pdb
d:\универ\программирование\2.1\лаб.2\lab2\x64\debug\vc143.idb
d:\универ\программирование\2.1\лаб.2\lab2\x64\debug\publisher.obj
d:\универ\программирование\2.1\лаб.2\lab2\x64\debug\main.obj
d:\универ\программирование\2.1\лаб.2\lab2\x64\debug\author.obj
d:\универ\программирование\2.1\лаб.2\lab2\x64\debug\book.obj
d:\универ\программирование\2.1\лаб.2\lab2\x64\debug\magazine.obj
d:\универ\программирование\2.1\лаб.2\lab2\x64\debug\genre.obj
d:\универ\программирование\2.1\лаб.2\lab2\x64\debug\author_translator.obj
d:\универ\программирование\2.1\лаб.2\lab2\x64\debug\publication.obj
d:\универ\программирование\2.1\лаб.2\lab2\x64\debug\lab2.pdb
d:\универ\программирование\2.1\лаб.2\lab2\x64\debug\lab2.tlog\cl.command.1.tlog
d:\универ\программирование\2.1\лаб.2\lab2\x64\debug\lab2.tlog\cl.items.tlog
d:\универ\программирование\2.1\лаб.2\lab2\x64\debug\lab2.tlog\cl.read.1.tlog
d:\универ\программирование\2.1\лаб.2\lab2\x64\debug\lab2.tlog\cl.write.1.tlog
d:\универ\программирование\2.1\лаб.2\lab2\x64\debug\lab2.tlog\link-cvtres.read.1.tlog
d:\универ\программирование\2.1\лаб.2\lab2\x64\debug\lab2.tlog\link-cvtres.write.1.tlog
d:\универ\программирование\2.1\лаб.2\lab2\x64\debug\lab2.tlog\link-rc.read.1.tlog
d:\универ\программирование\2.1\лаб.2\lab2\x64\debug\lab2.tlog\link-rc.write.1.tlog
d:\универ\программирование\2.1\лаб.2\lab2\x64\debug\lab2.tlog\link.8224-cvtres.read.1.tlog
d:\универ\программирование\2.1\лаб.2\lab2\x64\debug\lab2.tlog\link.8224-cvtres.write.1.tlog
d:\универ\программирование\2.1\лаб.2\lab2\x64\debug\lab2.tlog\link.8224-rc.read.1.tlog
d:\универ\программирование\2.1\лаб.2\lab2\x64\debug\lab2.tlog\link.8224-rc.write.1.tlog
d:\универ\программирование\2.1\лаб.2\lab2\x64\debug\lab2.tlog\link.8224.read.1.tlog
d:\универ\программирование\2.1\лаб.2\lab2\x64\debug\lab2.tlog\link.8224.read.2.tlog
d:\универ\программирование\2.1\лаб.2\lab2\x64\debug\lab2.tlog\link.8224.read.3.tlog
d:\универ\программирование\2.1\лаб.2\lab2\x64\debug\lab2.tlog\link.8224.read.4.tlog
d:\универ\программирование\2.1\лаб.2\lab2\x64\debug\lab2.tlog\link.8224.write.1.tlog
d:\универ\программирование\2.1\лаб.2\lab2\x64\debug\lab2.tlog\link.command.1.tlog
d:\универ\программирование\2.1\лаб.2\lab2\x64\debug\lab2.tlog\link.read.1.tlog
d:\универ\программирование\2.1\лаб.2\lab2\x64\debug\lab2.tlog\link.read.2.tlog
d:\универ\программирование\2.1\лаб.2\lab2\x64\debug\lab2.tlog\link.read.3.tlog
d:\универ\программирование\2.1\лаб.2\lab2\x64\debug\lab2.tlog\link.read.4.tlog
d:\универ\программирование\2.1\лаб.2\lab2\x64\debug\lab2.tlog\link.read.5.tlog
d:\универ\программирование\2.1\лаб.2\lab2\x64\debug\lab2.tlog\link.write.1.tlog
